2019-03-15 18:04:16.282  INFO 7442 --- [restartedMain] fr.orleans.miage.EvenementSoireeApp      : The following profiles are active: swagger,dev
2019-03-15 18:04:18.001 DEBUG 7442 --- [restartedMain] f.o.miage.config.AsyncConfiguration      : Creating Async Task Executor
2019-03-15 18:04:19.140  WARN 7442 --- [restartedMain] c.n.c.sources.URLConfigurationSource     : No URLs will be polled as dynamic configuration sources.
2019-03-15 18:04:20.424  INFO 7442 --- [restartedMain] fr.orleans.miage.config.WebConfigurer    : Web application configuration, using profiles: swagger
2019-03-15 18:04:20.425 DEBUG 7442 --- [restartedMain] fr.orleans.miage.config.WebConfigurer    : Initialize H2 console
2019-03-15 18:04:20.427  INFO 7442 --- [restartedMain] fr.orleans.miage.config.WebConfigurer    : Web application fully configured
2019-03-15 18:04:20.506 DEBUG 7442 --- [restartedMain] f.o.miage.config.CacheConfiguration      : Configuring Hazelcast
2019-03-15 18:04:20.569 DEBUG 7442 --- [restartedMain] f.o.miage.config.CacheConfiguration      : Configuring Hazelcast clustering for instanceId: evenementsoiree
2019-03-15 18:04:20.570 DEBUG 7442 --- [restartedMain] f.o.miage.config.CacheConfiguration      : Application is running with the "dev" profile, Hazelcast cluster will only work with localhost instances
2019-03-15 18:04:20.620  INFO 7442 --- [restartedMain] com.netflix.discovery.DiscoveryClient    : Initializing Eureka in region us-east-1
2019-03-15 18:04:20.800  INFO 7442 --- [restartedMain] c.n.d.provider.DiscoveryJerseyProvider   : Using JSON encoding codec LegacyJacksonJson
2019-03-15 18:04:20.800  INFO 7442 --- [restartedMain] c.n.d.provider.DiscoveryJerseyProvider   : Using JSON decoding codec LegacyJacksonJson
2019-03-15 18:04:21.011  INFO 7442 --- [restartedMain] c.n.d.provider.DiscoveryJerseyProvider   : Using XML encoding codec XStreamXml
2019-03-15 18:04:21.018  INFO 7442 --- [restartedMain] c.n.d.provider.DiscoveryJerseyProvider   : Using XML decoding codec XStreamXml
2019-03-15 18:04:21.223  INFO 7442 --- [restartedMain] c.n.d.s.r.aws.ConfigClusterResolver      : Resolving eureka endpoints via configuration
2019-03-15 18:04:21.248  INFO 7442 --- [restartedMain] com.netflix.discovery.DiscoveryClient    : Disable delta property : false
2019-03-15 18:04:21.248  INFO 7442 --- [restartedMain] com.netflix.discovery.DiscoveryClient    : Single vip registry refresh property : null
2019-03-15 18:04:21.248  INFO 7442 --- [restartedMain] com.netflix.discovery.DiscoveryClient    : Force full registry fetch : false
2019-03-15 18:04:21.249  INFO 7442 --- [restartedMain] com.netflix.discovery.DiscoveryClient    : Application is null : false
2019-03-15 18:04:21.251  INFO 7442 --- [restartedMain] com.netflix.discovery.DiscoveryClient    : Registered Applications size is zero : true
2019-03-15 18:04:21.251  INFO 7442 --- [restartedMain] com.netflix.discovery.DiscoveryClient    : Application version is -1: true
2019-03-15 18:04:21.251  INFO 7442 --- [restartedMain] com.netflix.discovery.DiscoveryClient    : Getting all instance registry info from the eureka server
2019-03-15 18:04:21.439  INFO 7442 --- [restartedMain] com.netflix.discovery.DiscoveryClient    : The response status is 200
2019-03-15 18:04:21.441  INFO 7442 --- [restartedMain] com.netflix.discovery.DiscoveryClient    : Starting heartbeat executor: renew interval is: 5
2019-03-15 18:04:21.445  INFO 7442 --- [restartedMain] c.n.discovery.InstanceInfoReplicator     : InstanceInfoReplicator onDemand update allowed rate per min is 12
2019-03-15 18:04:21.455  INFO 7442 --- [restartedMain] com.netflix.discovery.DiscoveryClient    : Discovery Client initialized at timestamp 1552669461454 with initial instances count: 0
2019-03-15 18:04:21.503  INFO 7442 --- [restartedMain] com.hazelcast.instance.AddressPicker     : [LOCAL] [dev] [3.9.4] Picked [127.0.0.1]:13783, using socket ServerSocket[addr=/0:0:0:0:0:0:0:0,localport=13783], bind any local is true
2019-03-15 18:04:21.510  INFO 7442 --- [restartedMain] com.hazelcast.system                     : [127.0.0.1]:13783 [dev] [3.9.4] Hazelcast 3.9.4 (20180420 - b8001d5) starting at [127.0.0.1]:13783
2019-03-15 18:04:21.510  INFO 7442 --- [restartedMain] com.hazelcast.system                     : [127.0.0.1]:13783 [dev] [3.9.4] Copyright (c) 2008-2018, Hazelcast, Inc. All Rights Reserved.
2019-03-15 18:04:21.510  INFO 7442 --- [restartedMain] com.hazelcast.system                     : [127.0.0.1]:13783 [dev] [3.9.4] Configured Hazelcast Serialization version: 1
2019-03-15 18:04:21.752  INFO 7442 --- [restartedMain] c.h.s.i.o.impl.BackpressureRegulator     : [127.0.0.1]:13783 [dev] [3.9.4] Backpressure is disabled
2019-03-15 18:04:22.347  INFO 7442 --- [restartedMain] com.hazelcast.instance.Node              : [127.0.0.1]:13783 [dev] [3.9.4] Creating TcpIpJoiner
2019-03-15 18:04:22.512  INFO 7442 --- [restartedMain] c.h.s.i.o.impl.OperationExecutorImpl     : [127.0.0.1]:13783 [dev] [3.9.4] Starting 8 partition threads and 5 generic threads (1 dedicated for priority tasks)
2019-03-15 18:04:22.646  INFO 7442 --- [restartedMain] c.h.internal.diagnostics.Diagnostics     : [127.0.0.1]:13783 [dev] [3.9.4] Diagnostics disabled. To enable add -Dhazelcast.diagnostics.enabled=true to the JVM arguments.
2019-03-15 18:04:22.655  INFO 7442 --- [restartedMain] com.hazelcast.core.LifecycleService      : [127.0.0.1]:13783 [dev] [3.9.4] [127.0.0.1]:13783 is STARTING
2019-03-15 18:04:22.731  INFO 7442 --- [restartedMain] com.hazelcast.system                     : [127.0.0.1]:13783 [dev] [3.9.4] Cluster version set to 3.9
2019-03-15 18:04:22.732  INFO 7442 --- [restartedMain] c.h.internal.cluster.ClusterService      : [127.0.0.1]:13783 [dev] [3.9.4] 

Members {size:1, ver:1} [
	Member [127.0.0.1]:13783 - d2dd9025-fa64-4451-85ab-2f66bf8d25fe this
]

2019-03-15 18:04:22.752  INFO 7442 --- [restartedMain] com.hazelcast.core.LifecycleService      : [127.0.0.1]:13783 [dev] [3.9.4] [127.0.0.1]:13783 is STARTED
2019-03-15 18:04:22.779 DEBUG 7442 --- [restartedMain] f.o.miage.config.CacheConfiguration      : Starting HazelcastCacheManager
2019-03-15 18:04:22.903 DEBUG 7442 --- [restartedMain] f.o.miage.config.LiquibaseConfiguration  : Configuring Liquibase
2019-03-15 18:04:23.130  WARN 7442 --- [evenement-soiree-Executor-1] i.g.j.c.liquibase.AsyncSpringLiquibase   : Starting Liquibase asynchronously, your database might not be ready at startup!
2019-03-15 18:04:24.350 DEBUG 7442 --- [evenement-soiree-Executor-1] i.g.j.c.liquibase.AsyncSpringLiquibase   : Liquibase has updated your database in 1219 ms
2019-03-15 18:04:24.392  INFO 7442 --- [restartedMain] c.h.h.HazelcastCacheRegionFactory        : Starting up HazelcastCacheRegionFactory
2019-03-15 18:04:24.394  INFO 7442 --- [restartedMain] c.h.h.i.IHazelcastInstanceFactory        : Using existing HazelcastInstance [evenementSoiree].
2019-03-15 18:04:24.936 DEBUG 7442 --- [restartedMain] f.o.miage.security.jwt.TokenProvider     : Using a Base64-encoded JWT secret key
2019-03-15 18:04:26.614  INFO 7442 --- [DiscoveryClient-HeartbeatExecutor-0] com.netflix.discovery.DiscoveryClient    : DiscoveryClient_EVENEMENTSOIREE/evenementsoiree:0ee17bfed977475e63365d2479c09cd2 - Re-registering apps/EVENEMENTSOIREE
2019-03-15 18:04:26.614  INFO 7442 --- [DiscoveryClient-HeartbeatExecutor-0] com.netflix.discovery.DiscoveryClient    : DiscoveryClient_EVENEMENTSOIREE/evenementsoiree:0ee17bfed977475e63365d2479c09cd2: registering service...
2019-03-15 18:04:26.702  INFO 7442 --- [DiscoveryClient-HeartbeatExecutor-0] com.netflix.discovery.DiscoveryClient    : DiscoveryClient_EVENEMENTSOIREE/evenementsoiree:0ee17bfed977475e63365d2479c09cd2 - registration status: 204
2019-03-15 18:04:27.402 DEBUG 7442 --- [restartedMain] f.o.miage.config.DatabaseConfiguration   : H2 database is available on port 18082
2019-03-15 18:04:27.813  WARN 7442 --- [restartedMain] c.n.c.sources.URLConfigurationSource     : No URLs will be polled as dynamic configuration sources.
2019-03-15 18:04:28.314 DEBUG 7442 --- [restartedMain] i.g.j.c.apidoc.SwaggerAutoConfiguration  : Starting Swagger
2019-03-15 18:04:28.323 DEBUG 7442 --- [restartedMain] i.g.j.c.apidoc.SwaggerAutoConfiguration  : Started Swagger in 8 ms
2019-03-15 18:04:28.584  INFO 7442 --- [restartedMain] c.h.i.p.impl.PartitionStateManager       : [127.0.0.1]:13783 [dev] [3.9.4] Initializing cluster partition table arrangement...
2019-03-15 18:04:29.055  INFO 7442 --- [restartedMain] com.netflix.discovery.DiscoveryClient    : Saw local status change event StatusChangeEvent [timestamp=1552669469055, current=UP, previous=STARTING]
2019-03-15 18:04:29.056  INFO 7442 --- [DiscoveryClient-InstanceInfoReplicator-0] com.netflix.discovery.DiscoveryClient    : DiscoveryClient_EVENEMENTSOIREE/evenementsoiree:0ee17bfed977475e63365d2479c09cd2: registering service...
2019-03-15 18:04:29.143  INFO 7442 --- [DiscoveryClient-InstanceInfoReplicator-0] com.netflix.discovery.DiscoveryClient    : DiscoveryClient_EVENEMENTSOIREE/evenementsoiree:0ee17bfed977475e63365d2479c09cd2 - registration status: 204
2019-03-15 18:04:29.275  INFO 7442 --- [restartedMain] fr.orleans.miage.EvenementSoireeApp      : Started EvenementSoireeApp in 14.7 seconds (JVM running for 15.276)
2019-03-15 18:04:29.282  INFO 7442 --- [restartedMain] fr.orleans.miage.EvenementSoireeApp      : 
----------------------------------------------------------
	Application 'evenementSoiree' is running! Access URLs:
	Local: 		http://localhost:8082/
	External: 	http://127.0.1.1:8082/
	Profile(s): 	[swagger, dev]
----------------------------------------------------------
2019-03-15 18:04:29.282  INFO 7442 --- [restartedMain] fr.orleans.miage.EvenementSoireeApp      : 
----------------------------------------------------------
	Config Server: 	Connected to the JHipster Registry config server!
----------------------------------------------------------
2019-03-15 18:04:31.442  INFO 7442 --- [DiscoveryClient-CacheRefreshExecutor-0] com.netflix.discovery.DiscoveryClient    : Disable delta property : false
2019-03-15 18:04:31.442  INFO 7442 --- [DiscoveryClient-CacheRefreshExecutor-0] com.netflix.discovery.DiscoveryClient    : Single vip registry refresh property : null
2019-03-15 18:04:31.442  INFO 7442 --- [DiscoveryClient-CacheRefreshExecutor-0] com.netflix.discovery.DiscoveryClient    : Force full registry fetch : false
2019-03-15 18:04:31.442  INFO 7442 --- [DiscoveryClient-CacheRefreshExecutor-0] com.netflix.discovery.DiscoveryClient    : Application is null : false
2019-03-15 18:04:31.442  INFO 7442 --- [DiscoveryClient-CacheRefreshExecutor-0] com.netflix.discovery.DiscoveryClient    : Registered Applications size is zero : true
2019-03-15 18:04:31.442  INFO 7442 --- [DiscoveryClient-CacheRefreshExecutor-0] com.netflix.discovery.DiscoveryClient    : Application version is -1: false
2019-03-15 18:04:31.442  INFO 7442 --- [DiscoveryClient-CacheRefreshExecutor-0] com.netflix.discovery.DiscoveryClient    : Getting all instance registry info from the eureka server
2019-03-15 18:04:31.525  INFO 7442 --- [DiscoveryClient-CacheRefreshExecutor-0] com.netflix.discovery.DiscoveryClient    : The response status is 200
2019-03-15 18:09:21.253  INFO 7442 --- [AsyncResolver-bootstrap-executor-0] c.n.d.s.r.aws.ConfigClusterResolver      : Resolving eureka endpoints via configuration
2019-03-15 18:14:21.254  INFO 7442 --- [AsyncResolver-bootstrap-executor-0] c.n.d.s.r.aws.ConfigClusterResolver      : Resolving eureka endpoints via configuration
2019-03-15 18:19:21.254  INFO 7442 --- [AsyncResolver-bootstrap-executor-0] c.n.d.s.r.aws.ConfigClusterResolver      : Resolving eureka endpoints via configuration
2019-03-15 18:24:21.255  INFO 7442 --- [AsyncResolver-bootstrap-executor-0] c.n.d.s.r.aws.ConfigClusterResolver      : Resolving eureka endpoints via configuration
2019-03-15 18:29:21.256  INFO 7442 --- [AsyncResolver-bootstrap-executor-0] c.n.d.s.r.aws.ConfigClusterResolver      : Resolving eureka endpoints via configuration
2019-03-15 18:34:21.256  INFO 7442 --- [AsyncResolver-bootstrap-executor-0] c.n.d.s.r.aws.ConfigClusterResolver      : Resolving eureka endpoints via configuration
2019-03-15 18:39:21.257  INFO 7442 --- [AsyncResolver-bootstrap-executor-0] c.n.d.s.r.aws.ConfigClusterResolver      : Resolving eureka endpoints via configuration
2019-03-15 18:44:21.258  INFO 7442 --- [AsyncResolver-bootstrap-executor-0] c.n.d.s.r.aws.ConfigClusterResolver      : Resolving eureka endpoints via configuration
2019-03-15 18:49:21.259  INFO 7442 --- [AsyncResolver-bootstrap-executor-0] c.n.d.s.r.aws.ConfigClusterResolver      : Resolving eureka endpoints via configuration
2019-03-15 18:54:21.260  INFO 7442 --- [AsyncResolver-bootstrap-executor-0] c.n.d.s.r.aws.ConfigClusterResolver      : Resolving eureka endpoints via configuration
2019-03-15 18:59:21.260  INFO 7442 --- [AsyncResolver-bootstrap-executor-0] c.n.d.s.r.aws.ConfigClusterResolver      : Resolving eureka endpoints via configuration
2019-03-15 19:04:21.263  INFO 7442 --- [AsyncResolver-bootstrap-executor-0] c.n.d.s.r.aws.ConfigClusterResolver      : Resolving eureka endpoints via configuration
2019-03-15 19:09:21.264  INFO 7442 --- [AsyncResolver-bootstrap-executor-0] c.n.d.s.r.aws.ConfigClusterResolver      : Resolving eureka endpoints via configuration
2019-03-15 19:14:21.264  INFO 7442 --- [AsyncResolver-bootstrap-executor-0] c.n.d.s.r.aws.ConfigClusterResolver      : Resolving eureka endpoints via configuration
2019-03-15 19:19:21.265  INFO 7442 --- [AsyncResolver-bootstrap-executor-0] c.n.d.s.r.aws.ConfigClusterResolver      : Resolving eureka endpoints via configuration
2019-03-15 19:24:21.266  INFO 7442 --- [AsyncResolver-bootstrap-executor-0] c.n.d.s.r.aws.ConfigClusterResolver      : Resolving eureka endpoints via configuration
2019-03-15 19:29:21.267  INFO 7442 --- [AsyncResolver-bootstrap-executor-0] c.n.d.s.r.aws.ConfigClusterResolver      : Resolving eureka endpoints via configuration
2019-03-15 19:34:21.267  INFO 7442 --- [AsyncResolver-bootstrap-executor-0] c.n.d.s.r.aws.ConfigClusterResolver      : Resolving eureka endpoints via configuration
2019-03-15 19:39:21.268  INFO 7442 --- [AsyncResolver-bootstrap-executor-0] c.n.d.s.r.aws.ConfigClusterResolver      : Resolving eureka endpoints via configuration
2019-03-15 19:44:21.268  INFO 7442 --- [AsyncResolver-bootstrap-executor-0] c.n.d.s.r.aws.ConfigClusterResolver      : Resolving eureka endpoints via configuration
2019-03-15 19:49:21.269  INFO 7442 --- [AsyncResolver-bootstrap-executor-0] c.n.d.s.r.aws.ConfigClusterResolver      : Resolving eureka endpoints via configuration
