2019-03-15 18:04:23.782  INFO 7724 --- [restartedMain] fr.orleans.miage.MembreApp               : The following profiles are active: swagger,dev
2019-03-15 18:04:26.418 DEBUG 7724 --- [restartedMain] f.o.miage.config.AsyncConfiguration      : Creating Async Task Executor
2019-03-15 18:04:27.528  WARN 7724 --- [restartedMain] c.n.c.sources.URLConfigurationSource     : No URLs will be polled as dynamic configuration sources.
2019-03-15 18:04:28.540  INFO 7724 --- [restartedMain] fr.orleans.miage.config.WebConfigurer    : Web application configuration, using profiles: swagger
2019-03-15 18:04:28.541 DEBUG 7724 --- [restartedMain] fr.orleans.miage.config.WebConfigurer    : Initialize H2 console
2019-03-15 18:04:28.543  INFO 7724 --- [restartedMain] fr.orleans.miage.config.WebConfigurer    : Web application fully configured
2019-03-15 18:04:28.598 DEBUG 7724 --- [restartedMain] f.o.miage.config.CacheConfiguration      : Configuring Hazelcast
2019-03-15 18:04:28.636 DEBUG 7724 --- [restartedMain] f.o.miage.config.CacheConfiguration      : Configuring Hazelcast clustering for instanceId: membre
2019-03-15 18:04:28.636 DEBUG 7724 --- [restartedMain] f.o.miage.config.CacheConfiguration      : Application is running with the "dev" profile, Hazelcast cluster will only work with localhost instances
2019-03-15 18:04:28.664  INFO 7724 --- [restartedMain] com.netflix.discovery.DiscoveryClient    : Initializing Eureka in region us-east-1
2019-03-15 18:04:28.754  INFO 7724 --- [restartedMain] c.n.d.provider.DiscoveryJerseyProvider   : Using JSON encoding codec LegacyJacksonJson
2019-03-15 18:04:28.754  INFO 7724 --- [restartedMain] c.n.d.provider.DiscoveryJerseyProvider   : Using JSON decoding codec LegacyJacksonJson
2019-03-15 18:04:28.828  INFO 7724 --- [restartedMain] c.n.d.provider.DiscoveryJerseyProvider   : Using XML encoding codec XStreamXml
2019-03-15 18:04:28.828  INFO 7724 --- [restartedMain] c.n.d.provider.DiscoveryJerseyProvider   : Using XML decoding codec XStreamXml
2019-03-15 18:04:28.950  INFO 7724 --- [restartedMain] c.n.d.s.r.aws.ConfigClusterResolver      : Resolving eureka endpoints via configuration
2019-03-15 18:04:28.962  INFO 7724 --- [restartedMain] com.netflix.discovery.DiscoveryClient    : Disable delta property : false
2019-03-15 18:04:28.963  INFO 7724 --- [restartedMain] com.netflix.discovery.DiscoveryClient    : Single vip registry refresh property : null
2019-03-15 18:04:28.963  INFO 7724 --- [restartedMain] com.netflix.discovery.DiscoveryClient    : Force full registry fetch : false
2019-03-15 18:04:28.963  INFO 7724 --- [restartedMain] com.netflix.discovery.DiscoveryClient    : Application is null : false
2019-03-15 18:04:28.963  INFO 7724 --- [restartedMain] com.netflix.discovery.DiscoveryClient    : Registered Applications size is zero : true
2019-03-15 18:04:28.963  INFO 7724 --- [restartedMain] com.netflix.discovery.DiscoveryClient    : Application version is -1: true
2019-03-15 18:04:28.963  INFO 7724 --- [restartedMain] com.netflix.discovery.DiscoveryClient    : Getting all instance registry info from the eureka server
2019-03-15 18:04:29.104  INFO 7724 --- [restartedMain] com.netflix.discovery.DiscoveryClient    : The response status is 200
2019-03-15 18:04:29.105  INFO 7724 --- [restartedMain] com.netflix.discovery.DiscoveryClient    : Starting heartbeat executor: renew interval is: 5
2019-03-15 18:04:29.107  INFO 7724 --- [restartedMain] c.n.discovery.InstanceInfoReplicator     : InstanceInfoReplicator onDemand update allowed rate per min is 12
2019-03-15 18:04:29.110  INFO 7724 --- [restartedMain] com.netflix.discovery.DiscoveryClient    : Discovery Client initialized at timestamp 1552669469109 with initial instances count: 0
2019-03-15 18:04:29.136  INFO 7724 --- [restartedMain] com.hazelcast.instance.AddressPicker     : [LOCAL] [dev] [3.9.4] Picked [127.0.0.1]:13784, using socket ServerSocket[addr=/0:0:0:0:0:0:0:0,localport=13784], bind any local is true
2019-03-15 18:04:29.141  INFO 7724 --- [restartedMain] com.hazelcast.system                     : [127.0.0.1]:13784 [dev] [3.9.4] Hazelcast 3.9.4 (20180420 - b8001d5) starting at [127.0.0.1]:13784
2019-03-15 18:04:29.141  INFO 7724 --- [restartedMain] com.hazelcast.system                     : [127.0.0.1]:13784 [dev] [3.9.4] Copyright (c) 2008-2018, Hazelcast, Inc. All Rights Reserved.
2019-03-15 18:04:29.141  INFO 7724 --- [restartedMain] com.hazelcast.system                     : [127.0.0.1]:13784 [dev] [3.9.4] Configured Hazelcast Serialization version: 1
2019-03-15 18:04:29.274  INFO 7724 --- [restartedMain] c.h.s.i.o.impl.BackpressureRegulator     : [127.0.0.1]:13784 [dev] [3.9.4] Backpressure is disabled
2019-03-15 18:04:29.674  INFO 7724 --- [restartedMain] com.hazelcast.instance.Node              : [127.0.0.1]:13784 [dev] [3.9.4] Creating TcpIpJoiner
2019-03-15 18:04:29.791  INFO 7724 --- [restartedMain] c.h.s.i.o.impl.OperationExecutorImpl     : [127.0.0.1]:13784 [dev] [3.9.4] Starting 8 partition threads and 5 generic threads (1 dedicated for priority tasks)
2019-03-15 18:04:29.818  INFO 7724 --- [restartedMain] c.h.internal.diagnostics.Diagnostics     : [127.0.0.1]:13784 [dev] [3.9.4] Diagnostics disabled. To enable add -Dhazelcast.diagnostics.enabled=true to the JVM arguments.
2019-03-15 18:04:29.825  INFO 7724 --- [restartedMain] com.hazelcast.core.LifecycleService      : [127.0.0.1]:13784 [dev] [3.9.4] [127.0.0.1]:13784 is STARTING
2019-03-15 18:04:29.845  INFO 7724 --- [restartedMain] com.hazelcast.system                     : [127.0.0.1]:13784 [dev] [3.9.4] Cluster version set to 3.9
2019-03-15 18:04:29.845  INFO 7724 --- [restartedMain] c.h.internal.cluster.ClusterService      : [127.0.0.1]:13784 [dev] [3.9.4] 

Members {size:1, ver:1} [
	Member [127.0.0.1]:13784 - cce86116-943e-4a35-a034-af5800427b10 this
]

2019-03-15 18:04:29.859  INFO 7724 --- [restartedMain] com.hazelcast.core.LifecycleService      : [127.0.0.1]:13784 [dev] [3.9.4] [127.0.0.1]:13784 is STARTED
2019-03-15 18:04:29.874 DEBUG 7724 --- [restartedMain] f.o.miage.config.CacheConfiguration      : Starting HazelcastCacheManager
2019-03-15 18:04:29.963 DEBUG 7724 --- [restartedMain] f.o.miage.config.LiquibaseConfiguration  : Configuring Liquibase
2019-03-15 18:04:30.041  WARN 7724 --- [membre-Executor-1] i.g.j.c.liquibase.AsyncSpringLiquibase   : Starting Liquibase asynchronously, your database might not be ready at startup!
2019-03-15 18:04:30.480  INFO 7724 --- [restartedMain] c.h.h.HazelcastCacheRegionFactory        : Starting up HazelcastCacheRegionFactory
2019-03-15 18:04:30.481  INFO 7724 --- [restartedMain] c.h.h.i.IHazelcastInstanceFactory        : Using existing HazelcastInstance [membre].
2019-03-15 18:04:30.511 DEBUG 7724 --- [membre-Executor-1] i.g.j.c.liquibase.AsyncSpringLiquibase   : Liquibase has updated your database in 469 ms
2019-03-15 18:04:30.688 DEBUG 7724 --- [restartedMain] f.o.miage.security.jwt.TokenProvider     : Using a Base64-encoded JWT secret key
2019-03-15 18:04:32.203 DEBUG 7724 --- [restartedMain] f.o.miage.config.DatabaseConfiguration   : H2 database is available on port 18083
2019-03-15 18:04:32.442  WARN 7724 --- [restartedMain] c.n.c.sources.URLConfigurationSource     : No URLs will be polled as dynamic configuration sources.
2019-03-15 18:04:32.795 DEBUG 7724 --- [restartedMain] i.g.j.c.apidoc.SwaggerAutoConfiguration  : Starting Swagger
2019-03-15 18:04:32.801 DEBUG 7724 --- [restartedMain] i.g.j.c.apidoc.SwaggerAutoConfiguration  : Started Swagger in 6 ms
2019-03-15 18:04:33.043  INFO 7724 --- [restartedMain] c.h.i.p.impl.PartitionStateManager       : [127.0.0.1]:13784 [dev] [3.9.4] Initializing cluster partition table arrangement...
2019-03-15 18:04:33.492  INFO 7724 --- [restartedMain] com.netflix.discovery.DiscoveryClient    : Saw local status change event StatusChangeEvent [timestamp=1552669473492, current=UP, previous=STARTING]
2019-03-15 18:04:33.493  INFO 7724 --- [DiscoveryClient-InstanceInfoReplicator-0] com.netflix.discovery.DiscoveryClient    : DiscoveryClient_MEMBRE/membre:f25ae290b9364de293ca74bcafd48069: registering service...
2019-03-15 18:04:33.585  INFO 7724 --- [DiscoveryClient-InstanceInfoReplicator-0] com.netflix.discovery.DiscoveryClient    : DiscoveryClient_MEMBRE/membre:f25ae290b9364de293ca74bcafd48069 - registration status: 204
2019-03-15 18:04:33.688  INFO 7724 --- [restartedMain] fr.orleans.miage.MembreApp               : Started MembreApp in 12.492 seconds (JVM running for 13.421)
2019-03-15 18:04:33.696  INFO 7724 --- [restartedMain] fr.orleans.miage.MembreApp               : 
----------------------------------------------------------
	Application 'membre' is running! Access URLs:
	Local: 		http://localhost:8083/
	External: 	http://127.0.1.1:8083/
	Profile(s): 	[swagger, dev]
----------------------------------------------------------
2019-03-15 18:04:33.696  INFO 7724 --- [restartedMain] fr.orleans.miage.MembreApp               : 
----------------------------------------------------------
	Config Server: 	Connected to the JHipster Registry config server!
----------------------------------------------------------
2019-03-15 18:04:39.106  INFO 7724 --- [DiscoveryClient-CacheRefreshExecutor-0] com.netflix.discovery.DiscoveryClient    : Disable delta property : false
2019-03-15 18:04:39.106  INFO 7724 --- [DiscoveryClient-CacheRefreshExecutor-0] com.netflix.discovery.DiscoveryClient    : Single vip registry refresh property : null
2019-03-15 18:04:39.107  INFO 7724 --- [DiscoveryClient-CacheRefreshExecutor-0] com.netflix.discovery.DiscoveryClient    : Force full registry fetch : false
2019-03-15 18:04:39.107  INFO 7724 --- [DiscoveryClient-CacheRefreshExecutor-0] com.netflix.discovery.DiscoveryClient    : Application is null : false
2019-03-15 18:04:39.107  INFO 7724 --- [DiscoveryClient-CacheRefreshExecutor-0] com.netflix.discovery.DiscoveryClient    : Registered Applications size is zero : true
2019-03-15 18:04:39.107  INFO 7724 --- [DiscoveryClient-CacheRefreshExecutor-0] com.netflix.discovery.DiscoveryClient    : Application version is -1: false
2019-03-15 18:04:39.107  INFO 7724 --- [DiscoveryClient-CacheRefreshExecutor-0] com.netflix.discovery.DiscoveryClient    : Getting all instance registry info from the eureka server
2019-03-15 18:04:39.232  INFO 7724 --- [DiscoveryClient-CacheRefreshExecutor-0] com.netflix.discovery.DiscoveryClient    : The response status is 200
2019-03-15 18:09:28.965  INFO 7724 --- [AsyncResolver-bootstrap-executor-0] c.n.d.s.r.aws.ConfigClusterResolver      : Resolving eureka endpoints via configuration
2019-03-15 18:14:28.966  INFO 7724 --- [AsyncResolver-bootstrap-executor-0] c.n.d.s.r.aws.ConfigClusterResolver      : Resolving eureka endpoints via configuration
2019-03-15 18:19:28.967  INFO 7724 --- [AsyncResolver-bootstrap-executor-0] c.n.d.s.r.aws.ConfigClusterResolver      : Resolving eureka endpoints via configuration
2019-03-15 18:24:28.967  INFO 7724 --- [AsyncResolver-bootstrap-executor-0] c.n.d.s.r.aws.ConfigClusterResolver      : Resolving eureka endpoints via configuration
2019-03-15 18:29:28.968  INFO 7724 --- [AsyncResolver-bootstrap-executor-0] c.n.d.s.r.aws.ConfigClusterResolver      : Resolving eureka endpoints via configuration
2019-03-15 18:34:28.969  INFO 7724 --- [AsyncResolver-bootstrap-executor-0] c.n.d.s.r.aws.ConfigClusterResolver      : Resolving eureka endpoints via configuration
2019-03-15 18:39:28.970  INFO 7724 --- [AsyncResolver-bootstrap-executor-0] c.n.d.s.r.aws.ConfigClusterResolver      : Resolving eureka endpoints via configuration
2019-03-15 18:44:28.970  INFO 7724 --- [AsyncResolver-bootstrap-executor-0] c.n.d.s.r.aws.ConfigClusterResolver      : Resolving eureka endpoints via configuration
2019-03-15 18:49:28.971  INFO 7724 --- [AsyncResolver-bootstrap-executor-0] c.n.d.s.r.aws.ConfigClusterResolver      : Resolving eureka endpoints via configuration
2019-03-15 18:54:28.972  INFO 7724 --- [AsyncResolver-bootstrap-executor-0] c.n.d.s.r.aws.ConfigClusterResolver      : Resolving eureka endpoints via configuration
2019-03-15 18:59:28.973  INFO 7724 --- [AsyncResolver-bootstrap-executor-0] c.n.d.s.r.aws.ConfigClusterResolver      : Resolving eureka endpoints via configuration
2019-03-15 19:04:28.980  INFO 7724 --- [AsyncResolver-bootstrap-executor-0] c.n.d.s.r.aws.ConfigClusterResolver      : Resolving eureka endpoints via configuration
2019-03-15 19:09:28.980  INFO 7724 --- [AsyncResolver-bootstrap-executor-0] c.n.d.s.r.aws.ConfigClusterResolver      : Resolving eureka endpoints via configuration
2019-03-15 19:14:28.981  INFO 7724 --- [AsyncResolver-bootstrap-executor-0] c.n.d.s.r.aws.ConfigClusterResolver      : Resolving eureka endpoints via configuration
2019-03-15 19:19:28.982  INFO 7724 --- [AsyncResolver-bootstrap-executor-0] c.n.d.s.r.aws.ConfigClusterResolver      : Resolving eureka endpoints via configuration
2019-03-15 19:24:28.982  INFO 7724 --- [AsyncResolver-bootstrap-executor-0] c.n.d.s.r.aws.ConfigClusterResolver      : Resolving eureka endpoints via configuration
2019-03-15 19:29:28.983  INFO 7724 --- [AsyncResolver-bootstrap-executor-0] c.n.d.s.r.aws.ConfigClusterResolver      : Resolving eureka endpoints via configuration
2019-03-15 19:34:28.984  INFO 7724 --- [AsyncResolver-bootstrap-executor-0] c.n.d.s.r.aws.ConfigClusterResolver      : Resolving eureka endpoints via configuration
2019-03-15 19:39:28.990  INFO 7724 --- [AsyncResolver-bootstrap-executor-0] c.n.d.s.r.aws.ConfigClusterResolver      : Resolving eureka endpoints via configuration
2019-03-15 19:44:28.992  INFO 7724 --- [AsyncResolver-bootstrap-executor-0] c.n.d.s.r.aws.ConfigClusterResolver      : Resolving eureka endpoints via configuration
2019-03-15 19:49:28.993  INFO 7724 --- [AsyncResolver-bootstrap-executor-0] c.n.d.s.r.aws.ConfigClusterResolver      : Resolving eureka endpoints via configuration
